<?xml version="1.0" encoding="UTF-8"?>
<testsuite xmlns:xsi="http://www.w3.org/2001/XMLSchema-instance" xsi:noNamespaceSchemaLocation="https://maven.apache.org/surefire/maven-surefire-plugin/xsd/surefire-test-report.xsd" name="de.docfaust.vbb.jsfbeans.TestSearchSpielBean" time="4.441" tests="15" errors="0" skipped="0" failures="0">
  <properties>
[...]
</properties>
  <testcase name="testDeleteSpiel" classname="de.docfaust.vbb.jsfbeans.TestSearchSpielBean" time="0.392"/>
  <testcase name="testDeleteSpielNoneSelected" classname="de.docfaust.vbb.jsfbeans.TestSearchSpielBean" time="0.2"/>
  <testcase name="testGetSaldo" classname="de.docfaust.vbb.jsfbeans.TestSearchSpielBean" time="0.339"/>
  <testcase name="testSaveSeasonNoDescription" classname="de.docfaust.vbb.jsfbeans.TestSearchSpielBean" time="0.252"/>
  <testcase name="testInit" classname="de.docfaust.vbb.jsfbeans.TestSearchSpielBean" time="0.379"/>
  <testcase name="testGetSaldoNoSelection" classname="de.docfaust.vbb.jsfbeans.TestSearchSpielBean" time="0.477"/>
  <testcase name="testDeleteSeasonNoneSelected" classname="de.docfaust.vbb.jsfbeans.TestSearchSpielBean" time="0.158"/>
  <testcase name="test" classname="de.docfaust.vbb.jsfbeans.TestSearchSpielBean" time="0.273"/>
  <testcase name="testSaveSeasonNoPrice" classname="de.docfaust.vbb.jsfbeans.TestSearchSpielBean" time="0.519"/>
  <testcase name="testDisable" classname="de.docfaust.vbb.jsfbeans.TestSearchSpielBean" time="0.366"/>
  <testcase name="testAddBuchung" classname="de.docfaust.vbb.jsfbeans.TestSearchSpielBean" time="0.405"/>
  <testcase name="testSaveSeasonNoSpieler" classname="de.docfaust.vbb.jsfbeans.TestSearchSpielBean" time="0.145"/>
  <testcase name="testSaveBuchungOk" classname="de.docfaust.vbb.jsfbeans.TestSearchSpielBean" time="0.179"/>
  <testcase name="testDeleteSpielNotFound" classname="de.docfaust.vbb.jsfbeans.TestSearchSpielBean" time="0.213"/>
  <testcase name="testDeleteBuchung" classname="de.docfaust.vbb.jsfbeans.TestSearchSpielBean" time="0.141"/>
</testsuite>