<?xml version="1.0" encoding="UTF-8" ?>
<testsuite tests="5" failures="0" name="de.docfaust.vbb.data.facade.TestMailFacade" time="1.077" errors="5" skipped="0">
  <properties>
[...]
</properties>
  <testcase classname="de.docfaust.vbb.data.facade.TestMailFacade" name="testAddMail" time="0.226">
    <error message="GROUPS" type="org.dbunit.dataset.NoSuchTableException">org.dbunit.dataset.NoSuchTableException: GROUPS
	at org.dbunit.database.DatabaseDataSet.getTableMetaData(DatabaseDataSet.java:305)
	at org.dbunit.operation.DeleteAllOperation.execute(DeleteAllOperation.java:109)
	at org.dbunit.operation.CompositeOperation.execute(CompositeOperation.java:79)
	at de.docfaust.vbb.data.util.JpaBaseRolledBackTestCase.beginTransaction(JpaBaseRolledBackTestCase.java:83)
	at sun.reflect.GeneratedMethodAccessor10.invoke(Unknown Source)
	at sun.reflect.DelegatingMethodAccessorImpl.invoke(DelegatingMethodAccessorImpl.java:43)
	at java.lang.reflect.Method.invoke(Method.java:498)
	at org.junit.runners.model.FrameworkMethod$1.runReflectiveCall(FrameworkMethod.java:50)
	at org.junit.internal.runners.model.ReflectiveCallable.run(ReflectiveCallable.java:12)
	at org.junit.runners.model.FrameworkMethod.invokeExplosively(FrameworkMethod.java:47)
	at org.junit.internal.runners.statements.RunBefores.evaluate(RunBefores.java:24)
	at org.junit.internal.runners.statements.RunAfters.evaluate(RunAfters.java:27)
	at org.junit.runners.ParentRunner.runLeaf(ParentRunner.java:325)
	at org.junit.runners.BlockJUnit4ClassRunner.runChild(BlockJUnit4ClassRunner.java:78)
	at org.junit.runners.BlockJUnit4ClassRunner.runChild(BlockJUnit4ClassRunner.java:57)
	at org.junit.runners.ParentRunner$3.run(ParentRunner.java:290)
	at org.junit.runners.ParentRunner$1.schedule(ParentRunner.java:71)
	at org.junit.runners.ParentRunner.runChildren(ParentRunner.java:288)
	at org.junit.runners.ParentRunner.access$000(ParentRunner.java:58)
	at org.junit.runners.ParentRunner$2.evaluate(ParentRunner.java:268)
	at org.junit.internal.runners.statements.RunBefores.evaluate(RunBefores.java:26)
	at org.junit.internal.runners.statements.RunAfters.evaluate(RunAfters.java:27)
	at org.junit.runners.ParentRunner.run(ParentRunner.java:363)
	at org.apache.maven.surefire.junit4.JUnit4Provider.execute(JUnit4Provider.java:252)
	at org.apache.maven.surefire.junit4.JUnit4Provider.executeTestSet(JUnit4Provider.java:141)
	at org.apache.maven.surefire.junit4.JUnit4Provider.invoke(JUnit4Provider.java:112)
	at sun.reflect.NativeMethodAccessorImpl.invoke0(Native Method)
	at sun.reflect.NativeMethodAccessorImpl.invoke(NativeMethodAccessorImpl.java:62)
	at sun.reflect.DelegatingMethodAccessorImpl.invoke(DelegatingMethodAccessorImpl.java:43)
	at java.lang.reflect.Method.invoke(Method.java:498)
	at org.apache.maven.surefire.util.ReflectionUtils.invokeMethodWithArray(ReflectionUtils.java:189)
	at org.apache.maven.surefire.booter.ProviderFactory$ProviderProxy.invoke(ProviderFactory.java:165)
	at org.apache.maven.surefire.booter.ProviderFactory.invokeProvider(ProviderFactory.java:85)
	at org.apache.maven.surefire.booter.ForkedBooter.runSuitesInProcess(ForkedBooter.java:115)
	at org.apache.maven.surefire.booter.ForkedBooter.main(ForkedBooter.java:75)
</error>
    <system-out>[util.JpaBaseRolledBackTestCase#closeEntityManagerFactory:  50] [&gt;&gt; closeEntityManagerFactory                                                    ] [main] (INFO )[2019-05-07]
[util.JpaBaseRolledBackTestCase#closeEntityManagerFactory:  53] [&lt;&lt; closeEntityManagerFactory                                                    ] [main] (INFO )[2019-05-07]
[util.JpaBaseRolledBackTestCase#createEntityManagerFactory:  45] [&gt;&gt; createEntityManagerFactory                                                   ] [main] (INFO )[2019-05-07]
[util.JpaBaseRolledBackTestCase#beginTransaction         :  58] [&gt;&gt; beginTransaction                                                             ] [main] (INFO )[2019-05-07]
[rManagerConnectionProviderImpl#configure                :  76] [HHH000402: Using Hibernate built-in connection pool (not for production use!)   ] [main] (WARN )[2019-05-07]
Hibernate: alter table BUCHUNG drop constraint FK16qkjuhkvdr8tcgi3bi288rg7
Hibernate: alter table BUCHUNG drop constraint FKgknft82c77lqppytisphhyy5m
Hibernate: alter table SPIEL drop constraint FK2kuwjtt6kwl62cb5f2qkxb0wc
Hibernate: alter table USERS drop constraint FKi35x1wtval9y1t3y2cuc0rrvk
Hibernate: drop table BUCHUNG if exists
Hibernate: drop table CONFIG if exists
Hibernate: drop table JOURNAL if exists
Hibernate: drop table MAILS if exists
Hibernate: drop table ROLES if exists
Hibernate: drop table SEASON if exists
Hibernate: drop table SPIEL if exists
Hibernate: drop table SPIELER if exists
Hibernate: drop table USERS if exists
Hibernate: create table BUCHUNG (id integer generated by default as identity (start with 1), datum timestamp, description varchar(255), ITMS timestamp, UTMS timestamp, price numeric(4,2), spiel_id integer, spieler_id integer, primary key (id))
Hibernate: create table CONFIG (id integer generated by default as identity (start with 1), configkey varchar(255) not null, configvalue varchar(1024), primary key (id))
Hibernate: create table JOURNAL (id integer generated by default as identity (start with 1), BUSINESS_CASE varchar(255), description varchar(255), tms timestamp, USERID varchar(255), primary key (id))
Hibernate: create table MAILS (id integer generated by default as identity (start with 1), attempt integer not null, recipient varchar(255), subject varchar(255), text varchar(4096), primary key (id))
Hibernate: create table ROLES (id integer generated by default as identity (start with 1), description varchar(255), name varchar(255) not null, primary key (id))
Hibernate: create table SEASON (id integer generated by default as identity (start with 1), description varchar(255), enddate date not null, price numeric(19,2), startdate date not null, primary key (id))
Hibernate: create table SPIEL (id integer generated by default as identity (start with 1), datum date, season_id integer not null, primary key (id))
Hibernate: create table SPIELER (id integer generated by default as identity (start with 1), activityLevel integer not null, email varchar(255), name varchar(255), primary key (id))
Hibernate: create table USERS (id integer generated by default as identity (start with 1), email varchar(255) not null, password varchar(255) not null, regid varchar(255), state varchar(255), userid varchar(255) not null, username varchar(255), group_id integer, primary key (id))
Hibernate: create index datum_idx on BUCHUNG (datum)
Hibernate: alter table BUCHUNG add constraint FK16qkjuhkvdr8tcgi3bi288rg7 foreign key (spiel_id) references SPIEL
Hibernate: alter table BUCHUNG add constraint FKgknft82c77lqppytisphhyy5m foreign key (spieler_id) references SPIELER
Hibernate: alter table CONFIG add constraint UK_n2bgcjmnharfs643rb1gnwvpx unique (configkey)
Hibernate: alter table ROLES add constraint UK_1s6p3xpt8owdb603jky0mo815 unique (name)
Hibernate: alter table SEASON add constraint start_end_idx unique (startdate, enddate)
Hibernate: create index datum_idx on SPIEL (datum)
[nate.tool.hbm2ddl.SchemaExport#perform                  : 483] [HHH000389: Unsuccessful: create index datum_idx on SPIEL (datum)                ] [main] (ERROR)[2019-05-07]
[nate.tool.hbm2ddl.SchemaExport#perform                  : 484] [object name already exists: DATUM_IDX in statement [create index datum_idx on SPIEL (datum)]] [main] (ERROR)[2019-05-07]
Hibernate: alter table SPIEL add constraint FK2kuwjtt6kwl62cb5f2qkxb0wc foreign key (season_id) references SEASON
Hibernate: alter table USERS add constraint UK_avh1b2ec82audum2lyjx2p1ws unique (email)
Hibernate: alter table USERS add constraint UK_tp2yn119hsibjtn2k9gg5pd7s unique (regid)
Hibernate: alter table USERS add constraint UK_jvj55m7ilhab6k44tmqccw4ag unique (userid)
Hibernate: alter table USERS add constraint FKi35x1wtval9y1t3y2cuc0rrvk foreign key (group_id) references ROLES
[l.EntityManagerFactoryRegistry#addEntityManagerFactory  :  63] [HHH000436: Entity manager factory name (vbb_test) is already registered.  If entity manager will be clustered or passivated, specify a unique value for property &apos;hibernate.ejb.entitymanager_factory_name&apos;] [main] (WARN )[2019-05-07]
[vbb.data.facades.BuchungFacade#&lt;init&gt;                   :  59] [Constructor with explicit EntityManager                                         ] [main] (DEBUG)[2019-05-07]
[vbb.data.facades.SpielerFacade#&lt;init&gt;                   :  58] [Constructor with explicit EntityManager                                         ] [main] (DEBUG)[2019-05-07]
[.vbb.data.facades.ConfigFacade#&lt;init&gt;                   :  56] [Constructor with explicit EntityManager                                         ] [main] (DEBUG)[2019-05-07]
[.vbb.data.facades.SeasonFacade#&lt;init&gt;                   :  63] [Constructor with explicit EntityManager                                         ] [main] (DEBUG)[2019-05-07]
[t.vbb.data.facades.SpielFacade#&lt;init&gt;                   :  61] [Constructor with explicit EntityManager                                         ] [main] (DEBUG)[2019-05-07]
[st.vbb.data.facades.UserFacade#&lt;init&gt;                   :  61] [Constructor with explicit EntityManager                                         ] [main] (DEBUG)[2019-05-07]
[st.vbb.data.facades.MailFacade#&lt;init&gt;                   :  50] [Constructor with explicit EntityManager                                         ] [main] (DEBUG)[2019-05-07]
[t.vbb.data.facades.GroupFacade#&lt;init&gt;                   :  55] [Constructor with explicit EntityManager                                         ] [main] (DEBUG)[2019-05-07]
[vbb.data.facades.JournalFacade#&lt;init&gt;                   :  50] [Constructor with explicit EntityManager                                         ] [main] (DEBUG)[2019-05-07]
[bunit.database.DatabaseDataSet#getTableMetaData         : 303] [Table &apos;GROUPS&apos; not found in tableMap=org.dbunit.dataset.OrderedTableNameMap[_tableNames=[BUCHUNG, CONFIG, JOURNAL, MAILS, ROLES, SEASON, SPIEL, SPIELER, USERS], _tableMap={CONFIG=null, SPIEL=null, ROLES=null, JOURNAL=table=JOURNAL, cols=[(ID, INTEGER, noNulls), (BUSINESS_CASE, VARCHAR, nullable), (DESCRIPTION, VARCHAR, nullable), (TMS, TIMESTAMP, nullable), (USERID, VARCHAR, nullable)], pk=[(ID, INTEGER, noNulls)], MAILS=table=MAILS, cols=[(ID, INTEGER, noNulls), (ATTEMPT, INTEGER, noNulls), (RECIPIENT, VARCHAR, nullable), (SUBJECT, VARCHAR, nullable), (TEXT, VARCHAR, nullable)], pk=[(ID, INTEGER, noNulls)], USERS=table=USERS, cols=[(ID, INTEGER, noNulls), (EMAIL, VARCHAR, noNulls), (PASSWORD, VARCHAR, noNulls), (REGID, VARCHAR, nullable), (STATE, VARCHAR, nullable), (USERID, VARCHAR, noNulls), (USERNAME, VARCHAR, nullable), (GROUP_ID, INTEGER, nullable)], pk=[(ID, INTEGER, noNulls)], SEASON=null, SPIELER=null, BUCHUNG=null}, _caseSensitiveTableNames=false]] [main] (ERROR)[2019-05-07]
[util.JpaBaseRolledBackTestCase#rollbackTransaction      :  89] [&gt;&gt; rollbackTransaction                                                          ] [main] (INFO )[2019-05-07]
[util.JpaBaseRolledBackTestCase#rollbackTransaction      :  96] [&lt;&lt; rollbackTransaction                                                          ] [main] (INFO )[2019-05-07]
</system-out>
  </testcase>
  <testcase classname="de.docfaust.vbb.data.facade.TestMailFacade" name="testFindAll" time="0.197">
    <error message="GROUPS" type="org.dbunit.dataset.NoSuchTableException">org.dbunit.dataset.NoSuchTableException: GROUPS
	at org.dbunit.database.DatabaseDataSet.getTableMetaData(DatabaseDataSet.java:305)
	at org.dbunit.operation.DeleteAllOperation.execute(DeleteAllOperation.java:109)
	at org.dbunit.operation.CompositeOperation.execute(CompositeOperation.java:79)
	at de.docfaust.vbb.data.util.JpaBaseRolledBackTestCase.beginTransaction(JpaBaseRolledBackTestCase.java:83)
	at sun.reflect.GeneratedMethodAccessor10.invoke(Unknown Source)
	at sun.reflect.DelegatingMethodAccessorImpl.invoke(DelegatingMethodAccessorImpl.java:43)
	at java.lang.reflect.Method.invoke(Method.java:498)
	at org.junit.runners.model.FrameworkMethod$1.runReflectiveCall(FrameworkMethod.java:50)
	at org.junit.internal.runners.model.ReflectiveCallable.run(ReflectiveCallable.java:12)
	at org.junit.runners.model.FrameworkMethod.invokeExplosively(FrameworkMethod.java:47)
	at org.junit.internal.runners.statements.RunBefores.evaluate(RunBefores.java:24)
	at org.junit.internal.runners.statements.RunAfters.evaluate(RunAfters.java:27)
	at org.junit.runners.ParentRunner.runLeaf(ParentRunner.java:325)
	at org.junit.runners.BlockJUnit4ClassRunner.runChild(BlockJUnit4ClassRunner.java:78)
	at org.junit.runners.BlockJUnit4ClassRunner.runChild(BlockJUnit4ClassRunner.java:57)
	at org.junit.runners.ParentRunner$3.run(ParentRunner.java:290)
	at org.junit.runners.ParentRunner$1.schedule(ParentRunner.java:71)
	at org.junit.runners.ParentRunner.runChildren(ParentRunner.java:288)
	at org.junit.runners.ParentRunner.access$000(ParentRunner.java:58)
	at org.junit.runners.ParentRunner$2.evaluate(ParentRunner.java:268)
	at org.junit.internal.runners.statements.RunBefores.evaluate(RunBefores.java:26)
	at org.junit.internal.runners.statements.RunAfters.evaluate(RunAfters.java:27)
	at org.junit.runners.ParentRunner.run(ParentRunner.java:363)
	at org.apache.maven.surefire.junit4.JUnit4Provider.execute(JUnit4Provider.java:252)
	at org.apache.maven.surefire.junit4.JUnit4Provider.executeTestSet(JUnit4Provider.java:141)
	at org.apache.maven.surefire.junit4.JUnit4Provider.invoke(JUnit4Provider.java:112)
	at sun.reflect.NativeMethodAccessorImpl.invoke0(Native Method)
	at sun.reflect.NativeMethodAccessorImpl.invoke(NativeMethodAccessorImpl.java:62)
	at sun.reflect.DelegatingMethodAccessorImpl.invoke(DelegatingMethodAccessorImpl.java:43)
	at java.lang.reflect.Method.invoke(Method.java:498)
	at org.apache.maven.surefire.util.ReflectionUtils.invokeMethodWithArray(ReflectionUtils.java:189)
	at org.apache.maven.surefire.booter.ProviderFactory$ProviderProxy.invoke(ProviderFactory.java:165)
	at org.apache.maven.surefire.booter.ProviderFactory.invokeProvider(ProviderFactory.java:85)
	at org.apache.maven.surefire.booter.ForkedBooter.runSuitesInProcess(ForkedBooter.java:115)
	at org.apache.maven.surefire.booter.ForkedBooter.main(ForkedBooter.java:75)
</error>
    <system-out>[util.JpaBaseRolledBackTestCase#beginTransaction         :  58] [&gt;&gt; beginTransaction                                                             ] [main] (INFO )[2019-05-07]
[rManagerConnectionProviderImpl#configure                :  76] [HHH000402: Using Hibernate built-in connection pool (not for production use!)   ] [main] (WARN )[2019-05-07]
Hibernate: alter table BUCHUNG drop constraint FK16qkjuhkvdr8tcgi3bi288rg7
Hibernate: alter table BUCHUNG drop constraint FKgknft82c77lqppytisphhyy5m
Hibernate: alter table SPIEL drop constraint FK2kuwjtt6kwl62cb5f2qkxb0wc
Hibernate: alter table USERS drop constraint FKi35x1wtval9y1t3y2cuc0rrvk
Hibernate: drop table BUCHUNG if exists
Hibernate: drop table CONFIG if exists
Hibernate: drop table JOURNAL if exists
Hibernate: drop table MAILS if exists
Hibernate: drop table ROLES if exists
Hibernate: drop table SEASON if exists
Hibernate: drop table SPIEL if exists
Hibernate: drop table SPIELER if exists
Hibernate: drop table USERS if exists
Hibernate: create table BUCHUNG (id integer generated by default as identity (start with 1), datum timestamp, description varchar(255), ITMS timestamp, UTMS timestamp, price numeric(4,2), spiel_id integer, spieler_id integer, primary key (id))
Hibernate: create table CONFIG (id integer generated by default as identity (start with 1), configkey varchar(255) not null, configvalue varchar(1024), primary key (id))
Hibernate: create table JOURNAL (id integer generated by default as identity (start with 1), BUSINESS_CASE varchar(255), description varchar(255), tms timestamp, USERID varchar(255), primary key (id))
Hibernate: create table MAILS (id integer generated by default as identity (start with 1), attempt integer not null, recipient varchar(255), subject varchar(255), text varchar(4096), primary key (id))
Hibernate: create table ROLES (id integer generated by default as identity (start with 1), description varchar(255), name varchar(255) not null, primary key (id))
Hibernate: create table SEASON (id integer generated by default as identity (start with 1), description varchar(255), enddate date not null, price numeric(19,2), startdate date not null, primary key (id))
Hibernate: create table SPIEL (id integer generated by default as identity (start with 1), datum date, season_id integer not null, primary key (id))
Hibernate: create table SPIELER (id integer generated by default as identity (start with 1), activityLevel integer not null, email varchar(255), name varchar(255), primary key (id))
Hibernate: create table USERS (id integer generated by default as identity (start with 1), email varchar(255) not null, password varchar(255) not null, regid varchar(255), state varchar(255), userid varchar(255) not null, username varchar(255), group_id integer, primary key (id))
Hibernate: create index datum_idx on BUCHUNG (datum)
Hibernate: alter table BUCHUNG add constraint FK16qkjuhkvdr8tcgi3bi288rg7 foreign key (spiel_id) references SPIEL
Hibernate: alter table BUCHUNG add constraint FKgknft82c77lqppytisphhyy5m foreign key (spieler_id) references SPIELER
Hibernate: alter table CONFIG add constraint UK_n2bgcjmnharfs643rb1gnwvpx unique (configkey)
Hibernate: alter table ROLES add constraint UK_1s6p3xpt8owdb603jky0mo815 unique (name)
Hibernate: alter table SEASON add constraint start_end_idx unique (startdate, enddate)
Hibernate: create index datum_idx on SPIEL (datum)
[nate.tool.hbm2ddl.SchemaExport#perform                  : 483] [HHH000389: Unsuccessful: create index datum_idx on SPIEL (datum)                ] [main] (ERROR)[2019-05-07]
[nate.tool.hbm2ddl.SchemaExport#perform                  : 484] [object name already exists: DATUM_IDX in statement [create index datum_idx on SPIEL (datum)]] [main] (ERROR)[2019-05-07]
Hibernate: alter table SPIEL add constraint FK2kuwjtt6kwl62cb5f2qkxb0wc foreign key (season_id) references SEASON
Hibernate: alter table USERS add constraint UK_avh1b2ec82audum2lyjx2p1ws unique (email)
Hibernate: alter table USERS add constraint UK_tp2yn119hsibjtn2k9gg5pd7s unique (regid)
Hibernate: alter table USERS add constraint UK_jvj55m7ilhab6k44tmqccw4ag unique (userid)
Hibernate: alter table USERS add constraint FKi35x1wtval9y1t3y2cuc0rrvk foreign key (group_id) references ROLES
[l.EntityManagerFactoryRegistry#addEntityManagerFactory  :  63] [HHH000436: Entity manager factory name (vbb_test) is already registered.  If entity manager will be clustered or passivated, specify a unique value for property &apos;hibernate.ejb.entitymanager_factory_name&apos;] [main] (WARN )[2019-05-07]
[vbb.data.facades.BuchungFacade#&lt;init&gt;                   :  59] [Constructor with explicit EntityManager                                         ] [main] (DEBUG)[2019-05-07]
[vbb.data.facades.SpielerFacade#&lt;init&gt;                   :  58] [Constructor with explicit EntityManager                                         ] [main] (DEBUG)[2019-05-07]
[.vbb.data.facades.ConfigFacade#&lt;init&gt;                   :  56] [Constructor with explicit EntityManager                                         ] [main] (DEBUG)[2019-05-07]
[.vbb.data.facades.SeasonFacade#&lt;init&gt;                   :  63] [Constructor with explicit EntityManager                                         ] [main] (DEBUG)[2019-05-07]
[t.vbb.data.facades.SpielFacade#&lt;init&gt;                   :  61] [Constructor with explicit EntityManager                                         ] [main] (DEBUG)[2019-05-07]
[st.vbb.data.facades.UserFacade#&lt;init&gt;                   :  61] [Constructor with explicit EntityManager                                         ] [main] (DEBUG)[2019-05-07]
[st.vbb.data.facades.MailFacade#&lt;init&gt;                   :  50] [Constructor with explicit EntityManager                                         ] [main] (DEBUG)[2019-05-07]
[t.vbb.data.facades.GroupFacade#&lt;init&gt;                   :  55] [Constructor with explicit EntityManager                                         ] [main] (DEBUG)[2019-05-07]
[vbb.data.facades.JournalFacade#&lt;init&gt;                   :  50] [Constructor with explicit EntityManager                                         ] [main] (DEBUG)[2019-05-07]
[bunit.database.DatabaseDataSet#getTableMetaData         : 303] [Table &apos;GROUPS&apos; not found in tableMap=org.dbunit.dataset.OrderedTableNameMap[_tableNames=[BUCHUNG, CONFIG, JOURNAL, MAILS, ROLES, SEASON, SPIEL, SPIELER, USERS], _tableMap={CONFIG=null, SPIEL=null, ROLES=null, JOURNAL=table=JOURNAL, cols=[(ID, INTEGER, noNulls), (BUSINESS_CASE, VARCHAR, nullable), (DESCRIPTION, VARCHAR, nullable), (TMS, TIMESTAMP, nullable), (USERID, VARCHAR, nullable)], pk=[(ID, INTEGER, noNulls)], MAILS=table=MAILS, cols=[(ID, INTEGER, noNulls), (ATTEMPT, INTEGER, noNulls), (RECIPIENT, VARCHAR, nullable), (SUBJECT, VARCHAR, nullable), (TEXT, VARCHAR, nullable)], pk=[(ID, INTEGER, noNulls)], USERS=table=USERS, cols=[(ID, INTEGER, noNulls), (EMAIL, VARCHAR, noNulls), (PASSWORD, VARCHAR, noNulls), (REGID, VARCHAR, nullable), (STATE, VARCHAR, nullable), (USERID, VARCHAR, noNulls), (USERNAME, VARCHAR, nullable), (GROUP_ID, INTEGER, nullable)], pk=[(ID, INTEGER, noNulls)], SEASON=null, SPIELER=null, BUCHUNG=null}, _caseSensitiveTableNames=false]] [main] (ERROR)[2019-05-07]
[util.JpaBaseRolledBackTestCase#rollbackTransaction      :  89] [&gt;&gt; rollbackTransaction                                                          ] [main] (INFO )[2019-05-07]
[util.JpaBaseRolledBackTestCase#rollbackTransaction      :  96] [&lt;&lt; rollbackTransaction                                                          ] [main] (INFO )[2019-05-07]
</system-out>
  </testcase>
  <testcase classname="de.docfaust.vbb.data.facade.TestMailFacade" name="test" time="0.183">
    <error message="GROUPS" type="org.dbunit.dataset.NoSuchTableException">org.dbunit.dataset.NoSuchTableException: GROUPS
	at org.dbunit.database.DatabaseDataSet.getTableMetaData(DatabaseDataSet.java:305)
	at org.dbunit.operation.DeleteAllOperation.execute(DeleteAllOperation.java:109)
	at org.dbunit.operation.CompositeOperation.execute(CompositeOperation.java:79)
	at de.docfaust.vbb.data.util.JpaBaseRolledBackTestCase.beginTransaction(JpaBaseRolledBackTestCase.java:83)
	at sun.reflect.GeneratedMethodAccessor10.invoke(Unknown Source)
	at sun.reflect.DelegatingMethodAccessorImpl.invoke(DelegatingMethodAccessorImpl.java:43)
	at java.lang.reflect.Method.invoke(Method.java:498)
	at org.junit.runners.model.FrameworkMethod$1.runReflectiveCall(FrameworkMethod.java:50)
	at org.junit.internal.runners.model.ReflectiveCallable.run(ReflectiveCallable.java:12)
	at org.junit.runners.model.FrameworkMethod.invokeExplosively(FrameworkMethod.java:47)
	at org.junit.internal.runners.statements.RunBefores.evaluate(RunBefores.java:24)
	at org.junit.internal.runners.statements.RunAfters.evaluate(RunAfters.java:27)
	at org.junit.runners.ParentRunner.runLeaf(ParentRunner.java:325)
	at org.junit.runners.BlockJUnit4ClassRunner.runChild(BlockJUnit4ClassRunner.java:78)
	at org.junit.runners.BlockJUnit4ClassRunner.runChild(BlockJUnit4ClassRunner.java:57)
	at org.junit.runners.ParentRunner$3.run(ParentRunner.java:290)
	at org.junit.runners.ParentRunner$1.schedule(ParentRunner.java:71)
	at org.junit.runners.ParentRunner.runChildren(ParentRunner.java:288)
	at org.junit.runners.ParentRunner.access$000(ParentRunner.java:58)
	at org.junit.runners.ParentRunner$2.evaluate(ParentRunner.java:268)
	at org.junit.internal.runners.statements.RunBefores.evaluate(RunBefores.java:26)
	at org.junit.internal.runners.statements.RunAfters.evaluate(RunAfters.java:27)
	at org.junit.runners.ParentRunner.run(ParentRunner.java:363)
	at org.apache.maven.surefire.junit4.JUnit4Provider.execute(JUnit4Provider.java:252)
	at org.apache.maven.surefire.junit4.JUnit4Provider.executeTestSet(JUnit4Provider.java:141)
	at org.apache.maven.surefire.junit4.JUnit4Provider.invoke(JUnit4Provider.java:112)
	at sun.reflect.NativeMethodAccessorImpl.invoke0(Native Method)
	at sun.reflect.NativeMethodAccessorImpl.invoke(NativeMethodAccessorImpl.java:62)
	at sun.reflect.DelegatingMethodAccessorImpl.invoke(DelegatingMethodAccessorImpl.java:43)
	at java.lang.reflect.Method.invoke(Method.java:498)
	at org.apache.maven.surefire.util.ReflectionUtils.invokeMethodWithArray(ReflectionUtils.java:189)
	at org.apache.maven.surefire.booter.ProviderFactory$ProviderProxy.invoke(ProviderFactory.java:165)
	at org.apache.maven.surefire.booter.ProviderFactory.invokeProvider(ProviderFactory.java:85)
	at org.apache.maven.surefire.booter.ForkedBooter.runSuitesInProcess(ForkedBooter.java:115)
	at org.apache.maven.surefire.booter.ForkedBooter.main(ForkedBooter.java:75)
</error>
    <system-out>[util.JpaBaseRolledBackTestCase#beginTransaction         :  58] [&gt;&gt; beginTransaction                                                             ] [main] (INFO )[2019-05-07]
[rManagerConnectionProviderImpl#configure                :  76] [HHH000402: Using Hibernate built-in connection pool (not for production use!)   ] [main] (WARN )[2019-05-07]
Hibernate: alter table BUCHUNG drop constraint FK16qkjuhkvdr8tcgi3bi288rg7
Hibernate: alter table BUCHUNG drop constraint FKgknft82c77lqppytisphhyy5m
Hibernate: alter table SPIEL drop constraint FK2kuwjtt6kwl62cb5f2qkxb0wc
Hibernate: alter table USERS drop constraint FKi35x1wtval9y1t3y2cuc0rrvk
Hibernate: drop table BUCHUNG if exists
Hibernate: drop table CONFIG if exists
Hibernate: drop table JOURNAL if exists
Hibernate: drop table MAILS if exists
Hibernate: drop table ROLES if exists
Hibernate: drop table SEASON if exists
Hibernate: drop table SPIEL if exists
Hibernate: drop table SPIELER if exists
Hibernate: drop table USERS if exists
Hibernate: create table BUCHUNG (id integer generated by default as identity (start with 1), datum timestamp, description varchar(255), ITMS timestamp, UTMS timestamp, price numeric(4,2), spiel_id integer, spieler_id integer, primary key (id))
Hibernate: create table CONFIG (id integer generated by default as identity (start with 1), configkey varchar(255) not null, configvalue varchar(1024), primary key (id))
Hibernate: create table JOURNAL (id integer generated by default as identity (start with 1), BUSINESS_CASE varchar(255), description varchar(255), tms timestamp, USERID varchar(255), primary key (id))
Hibernate: create table MAILS (id integer generated by default as identity (start with 1), attempt integer not null, recipient varchar(255), subject varchar(255), text varchar(4096), primary key (id))
Hibernate: create table ROLES (id integer generated by default as identity (start with 1), description varchar(255), name varchar(255) not null, primary key (id))
Hibernate: create table SEASON (id integer generated by default as identity (start with 1), description varchar(255), enddate date not null, price numeric(19,2), startdate date not null, primary key (id))
Hibernate: create table SPIEL (id integer generated by default as identity (start with 1), datum date, season_id integer not null, primary key (id))
Hibernate: create table SPIELER (id integer generated by default as identity (start with 1), activityLevel integer not null, email varchar(255), name varchar(255), primary key (id))
Hibernate: create table USERS (id integer generated by default as identity (start with 1), email varchar(255) not null, password varchar(255) not null, regid varchar(255), state varchar(255), userid varchar(255) not null, username varchar(255), group_id integer, primary key (id))
Hibernate: create index datum_idx on BUCHUNG (datum)
Hibernate: alter table BUCHUNG add constraint FK16qkjuhkvdr8tcgi3bi288rg7 foreign key (spiel_id) references SPIEL
Hibernate: alter table BUCHUNG add constraint FKgknft82c77lqppytisphhyy5m foreign key (spieler_id) references SPIELER
Hibernate: alter table CONFIG add constraint UK_n2bgcjmnharfs643rb1gnwvpx unique (configkey)
Hibernate: alter table ROLES add constraint UK_1s6p3xpt8owdb603jky0mo815 unique (name)
Hibernate: alter table SEASON add constraint start_end_idx unique (startdate, enddate)
Hibernate: create index datum_idx on SPIEL (datum)
[nate.tool.hbm2ddl.SchemaExport#perform                  : 483] [HHH000389: Unsuccessful: create index datum_idx on SPIEL (datum)                ] [main] (ERROR)[2019-05-07]
[nate.tool.hbm2ddl.SchemaExport#perform                  : 484] [object name already exists: DATUM_IDX in statement [create index datum_idx on SPIEL (datum)]] [main] (ERROR)[2019-05-07]
Hibernate: alter table SPIEL add constraint FK2kuwjtt6kwl62cb5f2qkxb0wc foreign key (season_id) references SEASON
Hibernate: alter table USERS add constraint UK_avh1b2ec82audum2lyjx2p1ws unique (email)
Hibernate: alter table USERS add constraint UK_tp2yn119hsibjtn2k9gg5pd7s unique (regid)
Hibernate: alter table USERS add constraint UK_jvj55m7ilhab6k44tmqccw4ag unique (userid)
Hibernate: alter table USERS add constraint FKi35x1wtval9y1t3y2cuc0rrvk foreign key (group_id) references ROLES
[l.EntityManagerFactoryRegistry#addEntityManagerFactory  :  63] [HHH000436: Entity manager factory name (vbb_test) is already registered.  If entity manager will be clustered or passivated, specify a unique value for property &apos;hibernate.ejb.entitymanager_factory_name&apos;] [main] (WARN )[2019-05-07]
[vbb.data.facades.BuchungFacade#&lt;init&gt;                   :  59] [Constructor with explicit EntityManager                                         ] [main] (DEBUG)[2019-05-07]
[vbb.data.facades.SpielerFacade#&lt;init&gt;                   :  58] [Constructor with explicit EntityManager                                         ] [main] (DEBUG)[2019-05-07]
[.vbb.data.facades.ConfigFacade#&lt;init&gt;                   :  56] [Constructor with explicit EntityManager                                         ] [main] (DEBUG)[2019-05-07]
[.vbb.data.facades.SeasonFacade#&lt;init&gt;                   :  63] [Constructor with explicit EntityManager                                         ] [main] (DEBUG)[2019-05-07]
[t.vbb.data.facades.SpielFacade#&lt;init&gt;                   :  61] [Constructor with explicit EntityManager                                         ] [main] (DEBUG)[2019-05-07]
[st.vbb.data.facades.UserFacade#&lt;init&gt;                   :  61] [Constructor with explicit EntityManager                                         ] [main] (DEBUG)[2019-05-07]
[st.vbb.data.facades.MailFacade#&lt;init&gt;                   :  50] [Constructor with explicit EntityManager                                         ] [main] (DEBUG)[2019-05-07]
[t.vbb.data.facades.GroupFacade#&lt;init&gt;                   :  55] [Constructor with explicit EntityManager                                         ] [main] (DEBUG)[2019-05-07]
[vbb.data.facades.JournalFacade#&lt;init&gt;                   :  50] [Constructor with explicit EntityManager                                         ] [main] (DEBUG)[2019-05-07]
[bunit.database.DatabaseDataSet#getTableMetaData         : 303] [Table &apos;GROUPS&apos; not found in tableMap=org.dbunit.dataset.OrderedTableNameMap[_tableNames=[BUCHUNG, CONFIG, JOURNAL, MAILS, ROLES, SEASON, SPIEL, SPIELER, USERS], _tableMap={CONFIG=null, SPIEL=null, ROLES=null, JOURNAL=table=JOURNAL, cols=[(ID, INTEGER, noNulls), (BUSINESS_CASE, VARCHAR, nullable), (DESCRIPTION, VARCHAR, nullable), (TMS, TIMESTAMP, nullable), (USERID, VARCHAR, nullable)], pk=[(ID, INTEGER, noNulls)], MAILS=table=MAILS, cols=[(ID, INTEGER, noNulls), (ATTEMPT, INTEGER, noNulls), (RECIPIENT, VARCHAR, nullable), (SUBJECT, VARCHAR, nullable), (TEXT, VARCHAR, nullable)], pk=[(ID, INTEGER, noNulls)], USERS=table=USERS, cols=[(ID, INTEGER, noNulls), (EMAIL, VARCHAR, noNulls), (PASSWORD, VARCHAR, noNulls), (REGID, VARCHAR, nullable), (STATE, VARCHAR, nullable), (USERID, VARCHAR, noNulls), (USERNAME, VARCHAR, nullable), (GROUP_ID, INTEGER, nullable)], pk=[(ID, INTEGER, noNulls)], SEASON=null, SPIELER=null, BUCHUNG=null}, _caseSensitiveTableNames=false]] [main] (ERROR)[2019-05-07]
[util.JpaBaseRolledBackTestCase#rollbackTransaction      :  89] [&gt;&gt; rollbackTransaction                                                          ] [main] (INFO )[2019-05-07]
[util.JpaBaseRolledBackTestCase#rollbackTransaction      :  96] [&lt;&lt; rollbackTransaction                                                          ] [main] (INFO )[2019-05-07]
</system-out>
  </testcase>
  <testcase classname="de.docfaust.vbb.data.facade.TestMailFacade" name="testDeleteMailNotFound" time="0.258">
    <error message="GROUPS" type="org.dbunit.dataset.NoSuchTableException">org.dbunit.dataset.NoSuchTableException: GROUPS
	at org.dbunit.database.DatabaseDataSet.getTableMetaData(DatabaseDataSet.java:305)
	at org.dbunit.operation.DeleteAllOperation.execute(DeleteAllOperation.java:109)
	at org.dbunit.operation.CompositeOperation.execute(CompositeOperation.java:79)
	at de.docfaust.vbb.data.util.JpaBaseRolledBackTestCase.beginTransaction(JpaBaseRolledBackTestCase.java:83)
	at sun.reflect.GeneratedMethodAccessor10.invoke(Unknown Source)
	at sun.reflect.DelegatingMethodAccessorImpl.invoke(DelegatingMethodAccessorImpl.java:43)
	at java.lang.reflect.Method.invoke(Method.java:498)
	at org.junit.runners.model.FrameworkMethod$1.runReflectiveCall(FrameworkMethod.java:50)
	at org.junit.internal.runners.model.ReflectiveCallable.run(ReflectiveCallable.java:12)
	at org.junit.runners.model.FrameworkMethod.invokeExplosively(FrameworkMethod.java:47)
	at org.junit.internal.runners.statements.RunBefores.evaluate(RunBefores.java:24)
	at org.junit.internal.runners.statements.RunAfters.evaluate(RunAfters.java:27)
	at org.junit.runners.ParentRunner.runLeaf(ParentRunner.java:325)
	at org.junit.runners.BlockJUnit4ClassRunner.runChild(BlockJUnit4ClassRunner.java:78)
	at org.junit.runners.BlockJUnit4ClassRunner.runChild(BlockJUnit4ClassRunner.java:57)
	at org.junit.runners.ParentRunner$3.run(ParentRunner.java:290)
	at org.junit.runners.ParentRunner$1.schedule(ParentRunner.java:71)
	at org.junit.runners.ParentRunner.runChildren(ParentRunner.java:288)
	at org.junit.runners.ParentRunner.access$000(ParentRunner.java:58)
	at org.junit.runners.ParentRunner$2.evaluate(ParentRunner.java:268)
	at org.junit.internal.runners.statements.RunBefores.evaluate(RunBefores.java:26)
	at org.junit.internal.runners.statements.RunAfters.evaluate(RunAfters.java:27)
	at org.junit.runners.ParentRunner.run(ParentRunner.java:363)
	at org.apache.maven.surefire.junit4.JUnit4Provider.execute(JUnit4Provider.java:252)
	at org.apache.maven.surefire.junit4.JUnit4Provider.executeTestSet(JUnit4Provider.java:141)
	at org.apache.maven.surefire.junit4.JUnit4Provider.invoke(JUnit4Provider.java:112)
	at sun.reflect.NativeMethodAccessorImpl.invoke0(Native Method)
	at sun.reflect.NativeMethodAccessorImpl.invoke(NativeMethodAccessorImpl.java:62)
	at sun.reflect.DelegatingMethodAccessorImpl.invoke(DelegatingMethodAccessorImpl.java:43)
	at java.lang.reflect.Method.invoke(Method.java:498)
	at org.apache.maven.surefire.util.ReflectionUtils.invokeMethodWithArray(ReflectionUtils.java:189)
	at org.apache.maven.surefire.booter.ProviderFactory$ProviderProxy.invoke(ProviderFactory.java:165)
	at org.apache.maven.surefire.booter.ProviderFactory.invokeProvider(ProviderFactory.java:85)
	at org.apache.maven.surefire.booter.ForkedBooter.runSuitesInProcess(ForkedBooter.java:115)
	at org.apache.maven.surefire.booter.ForkedBooter.main(ForkedBooter.java:75)
</error>
    <system-out>[util.JpaBaseRolledBackTestCase#beginTransaction         :  58] [&gt;&gt; beginTransaction                                                             ] [main] (INFO )[2019-05-07]
[rManagerConnectionProviderImpl#configure                :  76] [HHH000402: Using Hibernate built-in connection pool (not for production use!)   ] [main] (WARN )[2019-05-07]
Hibernate: alter table BUCHUNG drop constraint FK16qkjuhkvdr8tcgi3bi288rg7
Hibernate: alter table BUCHUNG drop constraint FKgknft82c77lqppytisphhyy5m
Hibernate: alter table SPIEL drop constraint FK2kuwjtt6kwl62cb5f2qkxb0wc
Hibernate: alter table USERS drop constraint FKi35x1wtval9y1t3y2cuc0rrvk
Hibernate: drop table BUCHUNG if exists
Hibernate: drop table CONFIG if exists
Hibernate: drop table JOURNAL if exists
Hibernate: drop table MAILS if exists
Hibernate: drop table ROLES if exists
Hibernate: drop table SEASON if exists
Hibernate: drop table SPIEL if exists
Hibernate: drop table SPIELER if exists
Hibernate: drop table USERS if exists
Hibernate: create table BUCHUNG (id integer generated by default as identity (start with 1), datum timestamp, description varchar(255), ITMS timestamp, UTMS timestamp, price numeric(4,2), spiel_id integer, spieler_id integer, primary key (id))
Hibernate: create table CONFIG (id integer generated by default as identity (start with 1), configkey varchar(255) not null, configvalue varchar(1024), primary key (id))
Hibernate: create table JOURNAL (id integer generated by default as identity (start with 1), BUSINESS_CASE varchar(255), description varchar(255), tms timestamp, USERID varchar(255), primary key (id))
Hibernate: create table MAILS (id integer generated by default as identity (start with 1), attempt integer not null, recipient varchar(255), subject varchar(255), text varchar(4096), primary key (id))
Hibernate: create table ROLES (id integer generated by default as identity (start with 1), description varchar(255), name varchar(255) not null, primary key (id))
Hibernate: create table SEASON (id integer generated by default as identity (start with 1), description varchar(255), enddate date not null, price numeric(19,2), startdate date not null, primary key (id))
Hibernate: create table SPIEL (id integer generated by default as identity (start with 1), datum date, season_id integer not null, primary key (id))
Hibernate: create table SPIELER (id integer generated by default as identity (start with 1), activityLevel integer not null, email varchar(255), name varchar(255), primary key (id))
Hibernate: create table USERS (id integer generated by default as identity (start with 1), email varchar(255) not null, password varchar(255) not null, regid varchar(255), state varchar(255), userid varchar(255) not null, username varchar(255), group_id integer, primary key (id))
Hibernate: create index datum_idx on BUCHUNG (datum)
Hibernate: alter table BUCHUNG add constraint FK16qkjuhkvdr8tcgi3bi288rg7 foreign key (spiel_id) references SPIEL
Hibernate: alter table BUCHUNG add constraint FKgknft82c77lqppytisphhyy5m foreign key (spieler_id) references SPIELER
Hibernate: alter table CONFIG add constraint UK_n2bgcjmnharfs643rb1gnwvpx unique (configkey)
Hibernate: alter table ROLES add constraint UK_1s6p3xpt8owdb603jky0mo815 unique (name)
Hibernate: alter table SEASON add constraint start_end_idx unique (startdate, enddate)
Hibernate: create index datum_idx on SPIEL (datum)
[nate.tool.hbm2ddl.SchemaExport#perform                  : 483] [HHH000389: Unsuccessful: create index datum_idx on SPIEL (datum)                ] [main] (ERROR)[2019-05-07]
[nate.tool.hbm2ddl.SchemaExport#perform                  : 484] [object name already exists: DATUM_IDX in statement [create index datum_idx on SPIEL (datum)]] [main] (ERROR)[2019-05-07]
Hibernate: alter table SPIEL add constraint FK2kuwjtt6kwl62cb5f2qkxb0wc foreign key (season_id) references SEASON
Hibernate: alter table USERS add constraint UK_avh1b2ec82audum2lyjx2p1ws unique (email)
Hibernate: alter table USERS add constraint UK_tp2yn119hsibjtn2k9gg5pd7s unique (regid)
Hibernate: alter table USERS add constraint UK_jvj55m7ilhab6k44tmqccw4ag unique (userid)
Hibernate: alter table USERS add constraint FKi35x1wtval9y1t3y2cuc0rrvk foreign key (group_id) references ROLES
[l.EntityManagerFactoryRegistry#addEntityManagerFactory  :  63] [HHH000436: Entity manager factory name (vbb_test) is already registered.  If entity manager will be clustered or passivated, specify a unique value for property &apos;hibernate.ejb.entitymanager_factory_name&apos;] [main] (WARN )[2019-05-07]
[vbb.data.facades.BuchungFacade#&lt;init&gt;                   :  59] [Constructor with explicit EntityManager                                         ] [main] (DEBUG)[2019-05-07]
[vbb.data.facades.SpielerFacade#&lt;init&gt;                   :  58] [Constructor with explicit EntityManager                                         ] [main] (DEBUG)[2019-05-07]
[.vbb.data.facades.ConfigFacade#&lt;init&gt;                   :  56] [Constructor with explicit EntityManager                                         ] [main] (DEBUG)[2019-05-07]
[.vbb.data.facades.SeasonFacade#&lt;init&gt;                   :  63] [Constructor with explicit EntityManager                                         ] [main] (DEBUG)[2019-05-07]
[t.vbb.data.facades.SpielFacade#&lt;init&gt;                   :  61] [Constructor with explicit EntityManager                                         ] [main] (DEBUG)[2019-05-07]
[st.vbb.data.facades.UserFacade#&lt;init&gt;                   :  61] [Constructor with explicit EntityManager                                         ] [main] (DEBUG)[2019-05-07]
[st.vbb.data.facades.MailFacade#&lt;init&gt;                   :  50] [Constructor with explicit EntityManager                                         ] [main] (DEBUG)[2019-05-07]
[t.vbb.data.facades.GroupFacade#&lt;init&gt;                   :  55] [Constructor with explicit EntityManager                                         ] [main] (DEBUG)[2019-05-07]
[vbb.data.facades.JournalFacade#&lt;init&gt;                   :  50] [Constructor with explicit EntityManager                                         ] [main] (DEBUG)[2019-05-07]
[bunit.database.DatabaseDataSet#getTableMetaData         : 303] [Table &apos;GROUPS&apos; not found in tableMap=org.dbunit.dataset.OrderedTableNameMap[_tableNames=[BUCHUNG, CONFIG, JOURNAL, MAILS, ROLES, SEASON, SPIEL, SPIELER, USERS], _tableMap={CONFIG=null, SPIEL=null, ROLES=null, JOURNAL=table=JOURNAL, cols=[(ID, INTEGER, noNulls), (BUSINESS_CASE, VARCHAR, nullable), (DESCRIPTION, VARCHAR, nullable), (TMS, TIMESTAMP, nullable), (USERID, VARCHAR, nullable)], pk=[(ID, INTEGER, noNulls)], MAILS=table=MAILS, cols=[(ID, INTEGER, noNulls), (ATTEMPT, INTEGER, noNulls), (RECIPIENT, VARCHAR, nullable), (SUBJECT, VARCHAR, nullable), (TEXT, VARCHAR, nullable)], pk=[(ID, INTEGER, noNulls)], USERS=table=USERS, cols=[(ID, INTEGER, noNulls), (EMAIL, VARCHAR, noNulls), (PASSWORD, VARCHAR, noNulls), (REGID, VARCHAR, nullable), (STATE, VARCHAR, nullable), (USERID, VARCHAR, noNulls), (USERNAME, VARCHAR, nullable), (GROUP_ID, INTEGER, nullable)], pk=[(ID, INTEGER, noNulls)], SEASON=null, SPIELER=null, BUCHUNG=null}, _caseSensitiveTableNames=false]] [main] (ERROR)[2019-05-07]
[util.JpaBaseRolledBackTestCase#rollbackTransaction      :  89] [&gt;&gt; rollbackTransaction                                                          ] [main] (INFO )[2019-05-07]
[util.JpaBaseRolledBackTestCase#rollbackTransaction      :  96] [&lt;&lt; rollbackTransaction                                                          ] [main] (INFO )[2019-05-07]
</system-out>
  </testcase>
  <testcase classname="de.docfaust.vbb.data.facade.TestMailFacade" name="testDeleteMail" time="0.213">
    <error message="GROUPS" type="org.dbunit.dataset.NoSuchTableException">org.dbunit.dataset.NoSuchTableException: GROUPS
	at org.dbunit.database.DatabaseDataSet.getTableMetaData(DatabaseDataSet.java:305)
	at org.dbunit.operation.DeleteAllOperation.execute(DeleteAllOperation.java:109)
	at org.dbunit.operation.CompositeOperation.execute(CompositeOperation.java:79)
	at de.docfaust.vbb.data.util.JpaBaseRolledBackTestCase.beginTransaction(JpaBaseRolledBackTestCase.java:83)
	at sun.reflect.GeneratedMethodAccessor10.invoke(Unknown Source)
	at sun.reflect.DelegatingMethodAccessorImpl.invoke(DelegatingMethodAccessorImpl.java:43)
	at java.lang.reflect.Method.invoke(Method.java:498)
	at org.junit.runners.model.FrameworkMethod$1.runReflectiveCall(FrameworkMethod.java:50)
	at org.junit.internal.runners.model.ReflectiveCallable.run(ReflectiveCallable.java:12)
	at org.junit.runners.model.FrameworkMethod.invokeExplosively(FrameworkMethod.java:47)
	at org.junit.internal.runners.statements.RunBefores.evaluate(RunBefores.java:24)
	at org.junit.internal.runners.statements.RunAfters.evaluate(RunAfters.java:27)
	at org.junit.runners.ParentRunner.runLeaf(ParentRunner.java:325)
	at org.junit.runners.BlockJUnit4ClassRunner.runChild(BlockJUnit4ClassRunner.java:78)
	at org.junit.runners.BlockJUnit4ClassRunner.runChild(BlockJUnit4ClassRunner.java:57)
	at org.junit.runners.ParentRunner$3.run(ParentRunner.java:290)
	at org.junit.runners.ParentRunner$1.schedule(ParentRunner.java:71)
	at org.junit.runners.ParentRunner.runChildren(ParentRunner.java:288)
	at org.junit.runners.ParentRunner.access$000(ParentRunner.java:58)
	at org.junit.runners.ParentRunner$2.evaluate(ParentRunner.java:268)
	at org.junit.internal.runners.statements.RunBefores.evaluate(RunBefores.java:26)
	at org.junit.internal.runners.statements.RunAfters.evaluate(RunAfters.java:27)
	at org.junit.runners.ParentRunner.run(ParentRunner.java:363)
	at org.apache.maven.surefire.junit4.JUnit4Provider.execute(JUnit4Provider.java:252)
	at org.apache.maven.surefire.junit4.JUnit4Provider.executeTestSet(JUnit4Provider.java:141)
	at org.apache.maven.surefire.junit4.JUnit4Provider.invoke(JUnit4Provider.java:112)
	at sun.reflect.NativeMethodAccessorImpl.invoke0(Native Method)
	at sun.reflect.NativeMethodAccessorImpl.invoke(NativeMethodAccessorImpl.java:62)
	at sun.reflect.DelegatingMethodAccessorImpl.invoke(DelegatingMethodAccessorImpl.java:43)
	at java.lang.reflect.Method.invoke(Method.java:498)
	at org.apache.maven.surefire.util.ReflectionUtils.invokeMethodWithArray(ReflectionUtils.java:189)
	at org.apache.maven.surefire.booter.ProviderFactory$ProviderProxy.invoke(ProviderFactory.java:165)
	at org.apache.maven.surefire.booter.ProviderFactory.invokeProvider(ProviderFactory.java:85)
	at org.apache.maven.surefire.booter.ForkedBooter.runSuitesInProcess(ForkedBooter.java:115)
	at org.apache.maven.surefire.booter.ForkedBooter.main(ForkedBooter.java:75)
</error>
    <system-out>[util.JpaBaseRolledBackTestCase#beginTransaction         :  58] [&gt;&gt; beginTransaction                                                             ] [main] (INFO )[2019-05-07]
[rManagerConnectionProviderImpl#configure                :  76] [HHH000402: Using Hibernate built-in connection pool (not for production use!)   ] [main] (WARN )[2019-05-07]
Hibernate: alter table BUCHUNG drop constraint FK16qkjuhkvdr8tcgi3bi288rg7
Hibernate: alter table BUCHUNG drop constraint FKgknft82c77lqppytisphhyy5m
Hibernate: alter table SPIEL drop constraint FK2kuwjtt6kwl62cb5f2qkxb0wc
Hibernate: alter table USERS drop constraint FKi35x1wtval9y1t3y2cuc0rrvk
Hibernate: drop table BUCHUNG if exists
Hibernate: drop table CONFIG if exists
Hibernate: drop table JOURNAL if exists
Hibernate: drop table MAILS if exists
Hibernate: drop table ROLES if exists
Hibernate: drop table SEASON if exists
Hibernate: drop table SPIEL if exists
Hibernate: drop table SPIELER if exists
Hibernate: drop table USERS if exists
Hibernate: create table BUCHUNG (id integer generated by default as identity (start with 1), datum timestamp, description varchar(255), ITMS timestamp, UTMS timestamp, price numeric(4,2), spiel_id integer, spieler_id integer, primary key (id))
Hibernate: create table CONFIG (id integer generated by default as identity (start with 1), configkey varchar(255) not null, configvalue varchar(1024), primary key (id))
Hibernate: create table JOURNAL (id integer generated by default as identity (start with 1), BUSINESS_CASE varchar(255), description varchar(255), tms timestamp, USERID varchar(255), primary key (id))
Hibernate: create table MAILS (id integer generated by default as identity (start with 1), attempt integer not null, recipient varchar(255), subject varchar(255), text varchar(4096), primary key (id))
Hibernate: create table ROLES (id integer generated by default as identity (start with 1), description varchar(255), name varchar(255) not null, primary key (id))
Hibernate: create table SEASON (id integer generated by default as identity (start with 1), description varchar(255), enddate date not null, price numeric(19,2), startdate date not null, primary key (id))
Hibernate: create table SPIEL (id integer generated by default as identity (start with 1), datum date, season_id integer not null, primary key (id))
Hibernate: create table SPIELER (id integer generated by default as identity (start with 1), activityLevel integer not null, email varchar(255), name varchar(255), primary key (id))
Hibernate: create table USERS (id integer generated by default as identity (start with 1), email varchar(255) not null, password varchar(255) not null, regid varchar(255), state varchar(255), userid varchar(255) not null, username varchar(255), group_id integer, primary key (id))
Hibernate: create index datum_idx on BUCHUNG (datum)
Hibernate: alter table BUCHUNG add constraint FK16qkjuhkvdr8tcgi3bi288rg7 foreign key (spiel_id) references SPIEL
Hibernate: alter table BUCHUNG add constraint FKgknft82c77lqppytisphhyy5m foreign key (spieler_id) references SPIELER
Hibernate: alter table CONFIG add constraint UK_n2bgcjmnharfs643rb1gnwvpx unique (configkey)
Hibernate: alter table ROLES add constraint UK_1s6p3xpt8owdb603jky0mo815 unique (name)
Hibernate: alter table SEASON add constraint start_end_idx unique (startdate, enddate)
Hibernate: create index datum_idx on SPIEL (datum)
[nate.tool.hbm2ddl.SchemaExport#perform                  : 483] [HHH000389: Unsuccessful: create index datum_idx on SPIEL (datum)                ] [main] (ERROR)[2019-05-07]
[nate.tool.hbm2ddl.SchemaExport#perform                  : 484] [object name already exists: DATUM_IDX in statement [create index datum_idx on SPIEL (datum)]] [main] (ERROR)[2019-05-07]
Hibernate: alter table SPIEL add constraint FK2kuwjtt6kwl62cb5f2qkxb0wc foreign key (season_id) references SEASON
Hibernate: alter table USERS add constraint UK_avh1b2ec82audum2lyjx2p1ws unique (email)
Hibernate: alter table USERS add constraint UK_tp2yn119hsibjtn2k9gg5pd7s unique (regid)
Hibernate: alter table USERS add constraint UK_jvj55m7ilhab6k44tmqccw4ag unique (userid)
Hibernate: alter table USERS add constraint FKi35x1wtval9y1t3y2cuc0rrvk foreign key (group_id) references ROLES
[l.EntityManagerFactoryRegistry#addEntityManagerFactory  :  63] [HHH000436: Entity manager factory name (vbb_test) is already registered.  If entity manager will be clustered or passivated, specify a unique value for property &apos;hibernate.ejb.entitymanager_factory_name&apos;] [main] (WARN )[2019-05-07]
[vbb.data.facades.BuchungFacade#&lt;init&gt;                   :  59] [Constructor with explicit EntityManager                                         ] [main] (DEBUG)[2019-05-07]
[vbb.data.facades.SpielerFacade#&lt;init&gt;                   :  58] [Constructor with explicit EntityManager                                         ] [main] (DEBUG)[2019-05-07]
[.vbb.data.facades.ConfigFacade#&lt;init&gt;                   :  56] [Constructor with explicit EntityManager                                         ] [main] (DEBUG)[2019-05-07]
[.vbb.data.facades.SeasonFacade#&lt;init&gt;                   :  63] [Constructor with explicit EntityManager                                         ] [main] (DEBUG)[2019-05-07]
[t.vbb.data.facades.SpielFacade#&lt;init&gt;                   :  61] [Constructor with explicit EntityManager                                         ] [main] (DEBUG)[2019-05-07]
[st.vbb.data.facades.UserFacade#&lt;init&gt;                   :  61] [Constructor with explicit EntityManager                                         ] [main] (DEBUG)[2019-05-07]
[st.vbb.data.facades.MailFacade#&lt;init&gt;                   :  50] [Constructor with explicit EntityManager                                         ] [main] (DEBUG)[2019-05-07]
[t.vbb.data.facades.GroupFacade#&lt;init&gt;                   :  55] [Constructor with explicit EntityManager                                         ] [main] (DEBUG)[2019-05-07]
[vbb.data.facades.JournalFacade#&lt;init&gt;                   :  50] [Constructor with explicit EntityManager                                         ] [main] (DEBUG)[2019-05-07]
[bunit.database.DatabaseDataSet#getTableMetaData         : 303] [Table &apos;GROUPS&apos; not found in tableMap=org.dbunit.dataset.OrderedTableNameMap[_tableNames=[BUCHUNG, CONFIG, JOURNAL, MAILS, ROLES, SEASON, SPIEL, SPIELER, USERS], _tableMap={CONFIG=null, SPIEL=null, ROLES=null, JOURNAL=table=JOURNAL, cols=[(ID, INTEGER, noNulls), (BUSINESS_CASE, VARCHAR, nullable), (DESCRIPTION, VARCHAR, nullable), (TMS, TIMESTAMP, nullable), (USERID, VARCHAR, nullable)], pk=[(ID, INTEGER, noNulls)], MAILS=table=MAILS, cols=[(ID, INTEGER, noNulls), (ATTEMPT, INTEGER, noNulls), (RECIPIENT, VARCHAR, nullable), (SUBJECT, VARCHAR, nullable), (TEXT, VARCHAR, nullable)], pk=[(ID, INTEGER, noNulls)], USERS=table=USERS, cols=[(ID, INTEGER, noNulls), (EMAIL, VARCHAR, noNulls), (PASSWORD, VARCHAR, noNulls), (REGID, VARCHAR, nullable), (STATE, VARCHAR, nullable), (USERID, VARCHAR, noNulls), (USERNAME, VARCHAR, nullable), (GROUP_ID, INTEGER, nullable)], pk=[(ID, INTEGER, noNulls)], SEASON=null, SPIELER=null, BUCHUNG=null}, _caseSensitiveTableNames=false]] [main] (ERROR)[2019-05-07]
[util.JpaBaseRolledBackTestCase#rollbackTransaction      :  89] [&gt;&gt; rollbackTransaction                                                          ] [main] (INFO )[2019-05-07]
[util.JpaBaseRolledBackTestCase#rollbackTransaction      :  96] [&lt;&lt; rollbackTransaction                                                          ] [main] (INFO )[2019-05-07]
</system-out>
  </testcase>
</testsuite>